<?xml version="1.0" encoding="UTF-8"?>
<!-- Generated by org.testng.reporters.JUnitReportReporter -->
<testsuite hostname="JaiHanuman" failures="0" tests="1" name="StanAloneTest" time="18.859" errors="0" timestamp="2024-12-25T19:42:21 IST" skipped="0">
  <testcase classname="StanAloneTest" name="SubmitOrder" time="18.859"/>
  <system-out/>
</testsuite> <!-- StanAloneTest -->
